<?xml version="1.0" encoding="UTF-8" ?>
<testsuite failures="0" time="0.468" errors="0" skipped="0" tests="1" name="org.gsoft.phoenix.service.TestLoanEntryServiceIT">
  <properties>
    <property name="java.runtime.name" value="Java(TM) SE Runtime Environment"/>
    <property name="sun.boot.library.path" value="/System/Library/Java/JavaVirtualMachines/1.6.0.jdk/Contents/Libraries"/>
    <property name="java.vm.version" value="20.4-b02-402"/>
    <property name="awt.nativeDoubleBuffering" value="true"/>
    <property name="gopherProxySet" value="false"/>
    <property name="mrj.build" value="11M3527"/>
    <property name="java.vm.vendor" value="Apple Inc."/>
    <property name="java.vendor.url" value="http://www.apple.com/"/>
    <property name="path.separator" value=":"/>
    <property name="java.vm.name" value="Java HotSpot(TM) 64-Bit Server VM"/>
    <property name="file.encoding.pkg" value="sun.io"/>
    <property name="user.country" value="US"/>
    <property name="sun.java.launcher" value="SUN_STANDARD"/>
    <property name="sun.os.patch.level" value="unknown"/>
    <property name="java.vm.specification.name" value="Java Virtual Machine Specification"/>
    <property name="user.dir" value="/Users/gaaschk/ProjectHome/phoenixws/phoenixweb"/>
    <property name="java.runtime.version" value="1.6.0_29-b11-402-11M3527"/>
    <property name="java.awt.graphicsenv" value="apple.awt.CGraphicsEnvironment"/>
    <property name="basedir" value="/Users/gaaschk/ProjectHome/phoenixws/phoenixweb"/>
    <property name="java.endorsed.dirs" value="/System/Library/Java/JavaVirtualMachines/1.6.0.jdk/Contents/Home/lib/endorsed"/>
    <property name="os.arch" value="x86_64"/>
    <property name="surefire.real.class.path" value="/Users/gaaschk/ProjectHome/phoenixws/phoenixweb/target/surefire/surefirebooter1058260387747496546.jar"/>
    <property name="java.io.tmpdir" value="/var/folders/3s/396s980s1nlcgrkgcx3ntk5m0000gn/T/"/>
    <property name="line.separator" value="
"/>
    <property name="java.vm.specification.vendor" value="Sun Microsystems Inc."/>
    <property name="os.name" value="Mac OS X"/>
    <property name="sun.jnu.encoding" value="MacRoman"/>
    <property name="java.library.path" value=".:/Library/Java/Extensions:/System/Library/Java/Extensions:/usr/lib/java"/>
    <property name="surefire.test.class.path" value="/Users/gaaschk/ProjectHome/phoenixws/phoenixweb/target/test-classes:/Users/gaaschk/ProjectHome/phoenixws/phoenixweb/target/classes:/Users/gaaschk/.m2/repository/junit/junit/4.10/junit-4.10.jar:/Users/gaaschk/.m2/repository/org/hamcrest/hamcrest-core/1.1/hamcrest-core-1.1.jar:/Users/gaaschk/.m2/repository/org/springframework/spring-core/3.1.0.RELEASE/spring-core-3.1.0.RELEASE.jar:/Users/gaaschk/.m2/repository/org/springframework/spring-asm/3.1.0.RELEASE/spring-asm-3.1.0.RELEASE.jar:/Users/gaaschk/.m2/repository/commons-logging/commons-logging/1.1.1/commons-logging-1.1.1.jar:/Users/gaaschk/.m2/repository/org/springframework/spring-context/3.1.0.RELEASE/spring-context-3.1.0.RELEASE.jar:/Users/gaaschk/.m2/repository/org/springframework/spring-aop/3.1.0.RELEASE/spring-aop-3.1.0.RELEASE.jar:/Users/gaaschk/.m2/repository/org/springframework/spring-beans/3.1.0.RELEASE/spring-beans-3.1.0.RELEASE.jar:/Users/gaaschk/.m2/repository/org/springframework/spring-expression/3.1.0.RELEASE/spring-expression-3.1.0.RELEASE.jar:/Users/gaaschk/.m2/repository/org/springframework/spring-web/3.1.0.RELEASE/spring-web-3.1.0.RELEASE.jar:/Users/gaaschk/.m2/repository/aopalliance/aopalliance/1.0/aopalliance-1.0.jar:/Users/gaaschk/.m2/repository/org/springframework/spring-webmvc/3.1.0.RELEASE/spring-webmvc-3.1.0.RELEASE.jar:/Users/gaaschk/.m2/repository/org/springframework/spring-context-support/3.1.0.RELEASE/spring-context-support-3.1.0.RELEASE.jar:/Users/gaaschk/.m2/repository/org/springframework/spring-orm/3.1.0.RELEASE/spring-orm-3.1.0.RELEASE.jar:/Users/gaaschk/.m2/repository/org/springframework/spring-jdbc/3.1.0.RELEASE/spring-jdbc-3.1.0.RELEASE.jar:/Users/gaaschk/.m2/repository/org/springframework/spring-tx/3.1.0.RELEASE/spring-tx-3.1.0.RELEASE.jar:/Users/gaaschk/.m2/repository/org/springframework/spring-test/3.1.0.RELEASE/spring-test-3.1.0.RELEASE.jar:/Users/gaaschk/.m2/repository/javax/servlet/servlet-api/2.5/servlet-api-2.5.jar:/Users/gaaschk/.m2/repository/javax/servlet/jsp/jsp-api/2.1/jsp-api-2.1.jar:/Users/gaaschk/.m2/repository/javax/servlet/jstl/1.2/jstl-1.2.jar:/Users/gaaschk/.m2/repository/org/apache/tiles/tiles-extras/2.2.2/tiles-extras-2.2.2.jar:/Users/gaaschk/.m2/repository/org/apache/tiles/tiles-core/2.2.2/tiles-core-2.2.2.jar:/Users/gaaschk/.m2/repository/org/apache/tiles/tiles-api/2.2.2/tiles-api-2.2.2.jar:/Users/gaaschk/.m2/repository/commons-digester/commons-digester/2.0/commons-digester-2.0.jar:/Users/gaaschk/.m2/repository/commons-beanutils/commons-beanutils/1.8.0/commons-beanutils-1.8.0.jar:/Users/gaaschk/.m2/repository/org/apache/tiles/tiles-servlet-wildcard/2.2.2/tiles-servlet-wildcard-2.2.2.jar:/Users/gaaschk/.m2/repository/org/apache/tiles/tiles-servlet/2.2.2/tiles-servlet-2.2.2.jar:/Users/gaaschk/.m2/repository/org/apache/tiles/tiles-jsp/2.2.2/tiles-jsp-2.2.2.jar:/Users/gaaschk/.m2/repository/org/apache/tiles/tiles-template/2.2.2/tiles-template-2.2.2.jar:/Users/gaaschk/.m2/repository/org/apache/tiles/tiles-freemarker/2.2.2/tiles-freemarker-2.2.2.jar:/Users/gaaschk/.m2/repository/org/freemarker/freemarker/2.3.15/freemarker-2.3.15.jar:/Users/gaaschk/.m2/repository/org/apache/tiles/tiles-velocity/2.2.2/tiles-velocity-2.2.2.jar:/Users/gaaschk/.m2/repository/org/apache/velocity/velocity-tools/2.0/velocity-tools-2.0.jar:/Users/gaaschk/.m2/repository/oro/oro/2.0.8/oro-2.0.8.jar:/Users/gaaschk/.m2/repository/org/apache/velocity/velocity/1.6.2/velocity-1.6.2.jar:/Users/gaaschk/.m2/repository/org/apache/tiles/tiles-el/2.2.2/tiles-el-2.2.2.jar:/Users/gaaschk/.m2/repository/org/apache/tiles/tiles-mvel/2.2.2/tiles-mvel-2.2.2.jar:/Users/gaaschk/.m2/repository/org/mvel/mvel2/2.0.11/mvel2-2.0.11.jar:/Users/gaaschk/.m2/repository/org/apache/tiles/tiles-ognl/2.2.2/tiles-ognl-2.2.2.jar:/Users/gaaschk/.m2/repository/ognl/ognl/2.7.3/ognl-2.7.3.jar:/Users/gaaschk/.m2/repository/jboss/javassist/3.7.ga/javassist-3.7.ga.jar:/Users/gaaschk/.m2/repository/org/apache/tiles/tiles-compat/2.2.2/tiles-compat-2.2.2.jar:/Users/gaaschk/.m2/repository/org/slf4j/jcl-over-slf4j/1.5.8/jcl-over-slf4j-1.5.8.jar:/Users/gaaschk/.m2/repository/org/springframework/data/spring-data-jpa/1.0.1.RELEASE/spring-data-jpa-1.0.1.RELEASE.jar:/Users/gaaschk/.m2/repository/org/springframework/data/spring-data-commons-core/1.1.0.RELEASE/spring-data-commons-core-1.1.0.RELEASE.jar:/Users/gaaschk/.m2/repository/org/slf4j/slf4j-api/1.6.1/slf4j-api-1.6.1.jar:/Users/gaaschk/.m2/repository/org/aspectj/aspectjrt/1.6.8/aspectjrt-1.6.8.jar:/Users/gaaschk/.m2/repository/org/hibernate/hibernate-core/3.6.7.Final/hibernate-core-3.6.7.Final.jar:/Users/gaaschk/.m2/repository/antlr/antlr/2.7.6/antlr-2.7.6.jar:/Users/gaaschk/.m2/repository/commons-collections/commons-collections/3.1/commons-collections-3.1.jar:/Users/gaaschk/.m2/repository/dom4j/dom4j/1.6.1/dom4j-1.6.1.jar:/Users/gaaschk/.m2/repository/org/hibernate/hibernate-commons-annotations/3.2.0.Final/hibernate-commons-annotations-3.2.0.Final.jar:/Users/gaaschk/.m2/repository/org/hibernate/javax/persistence/hibernate-jpa-2.0-api/1.0.1.Final/hibernate-jpa-2.0-api-1.0.1.Final.jar:/Users/gaaschk/.m2/repository/javax/transaction/jta/1.1/jta-1.1.jar:/Users/gaaschk/.m2/repository/org/hibernate/hibernate-entitymanager/3.6.7.Final/hibernate-entitymanager-3.6.7.Final.jar:/Users/gaaschk/.m2/repository/cglib/cglib/2.2/cglib-2.2.jar:/Users/gaaschk/.m2/repository/asm/asm/3.1/asm-3.1.jar:/Users/gaaschk/.m2/repository/javassist/javassist/3.12.0.GA/javassist-3.12.0.GA.jar:/Users/gaaschk/.m2/repository/org/javassist/javassist/3.15.0-GA/javassist-3.15.0-GA.jar:/Users/gaaschk/.m2/repository/commons-dbcp/commons-dbcp/1.4/commons-dbcp-1.4.jar:/Users/gaaschk/.m2/repository/commons-pool/commons-pool/1.5.4/commons-pool-1.5.4.jar:/Users/gaaschk/.m2/repository/joda-time/joda-time/2.0/joda-time-2.0.jar:/Users/gaaschk/.m2/repository/mysql/mysql-connector-java/5.1.18/mysql-connector-java-5.1.18.jar:/Users/gaaschk/.m2/repository/org/dbmaintain/dbmaintain-maven-plugin/2.4/dbmaintain-maven-plugin-2.4.jar:/Users/gaaschk/.m2/repository/org/dbmaintain/dbmaintain/2.4/dbmaintain-2.4.jar:/Users/gaaschk/.m2/repository/ant/ant/1.6.5/ant-1.6.5.jar:/Users/gaaschk/.m2/repository/commons-lang/commons-lang/2.4/commons-lang-2.4.jar:/Users/gaaschk/.m2/repository/org/apache/maven/maven-plugin-api/2.2.1/maven-plugin-api-2.2.1.jar:/Users/gaaschk/.m2/repository/org/apache/maven/maven-model/2.2.1/maven-model-2.2.1.jar:/Users/gaaschk/.m2/repository/org/apache/maven/maven-project/2.2.1/maven-project-2.2.1.jar:/Users/gaaschk/.m2/repository/org/apache/maven/maven-settings/2.2.1/maven-settings-2.2.1.jar:/Users/gaaschk/.m2/repository/org/apache/maven/maven-profile/2.2.1/maven-profile-2.2.1.jar:/Users/gaaschk/.m2/repository/org/apache/maven/maven-artifact-manager/2.2.1/maven-artifact-manager-2.2.1.jar:/Users/gaaschk/.m2/repository/org/apache/maven/maven-repository-metadata/2.2.1/maven-repository-metadata-2.2.1.jar:/Users/gaaschk/.m2/repository/org/apache/maven/wagon/wagon-provider-api/1.0-beta-6/wagon-provider-api-1.0-beta-6.jar:/Users/gaaschk/.m2/repository/backport-util-concurrent/backport-util-concurrent/3.1/backport-util-concurrent-3.1.jar:/Users/gaaschk/.m2/repository/org/apache/maven/maven-plugin-registry/2.2.1/maven-plugin-registry-2.2.1.jar:/Users/gaaschk/.m2/repository/org/codehaus/plexus/plexus-interpolation/1.11/plexus-interpolation-1.11.jar:/Users/gaaschk/.m2/repository/org/apache/maven/maven-artifact/2.2.1/maven-artifact-2.2.1.jar:/Users/gaaschk/.m2/repository/org/codehaus/plexus/plexus-container-default/1.0-alpha-9-stable-1/plexus-container-default-1.0-alpha-9-stable-1.jar:/Users/gaaschk/.m2/repository/classworlds/classworlds/1.1-alpha-2/classworlds-1.1-alpha-2.jar:/Users/gaaschk/.m2/repository/org/codehaus/plexus/plexus-utils/1.5.15/plexus-utils-1.5.15.jar:"/>
    <property name="java.specification.name" value="Java Platform API Specification"/>
    <property name="java.class.version" value="50.0"/>
    <property name="sun.management.compiler" value="HotSpot 64-Bit Tiered Compilers"/>
    <property name="os.version" value="10.7.2"/>
    <property name="http.nonProxyHosts" value="local|*.local|169.254/16|*.169.254/16"/>
    <property name="user.home" value="/Users/gaaschk"/>
    <property name="user.timezone" value="America/Los_Angeles"/>
    <property name="java.awt.printerjob" value="apple.awt.CPrinterJob"/>
    <property name="java.specification.version" value="1.6"/>
    <property name="file.encoding" value="MacRoman"/>
    <property name="user.name" value="gaaschk"/>
    <property name="java.class.path" value="/Users/gaaschk/ProjectHome/phoenixws/phoenixweb/target/test-classes:/Users/gaaschk/ProjectHome/phoenixws/phoenixweb/target/classes:/Users/gaaschk/.m2/repository/junit/junit/4.10/junit-4.10.jar:/Users/gaaschk/.m2/repository/org/hamcrest/hamcrest-core/1.1/hamcrest-core-1.1.jar:/Users/gaaschk/.m2/repository/org/springframework/spring-core/3.1.0.RELEASE/spring-core-3.1.0.RELEASE.jar:/Users/gaaschk/.m2/repository/org/springframework/spring-asm/3.1.0.RELEASE/spring-asm-3.1.0.RELEASE.jar:/Users/gaaschk/.m2/repository/commons-logging/commons-logging/1.1.1/commons-logging-1.1.1.jar:/Users/gaaschk/.m2/repository/org/springframework/spring-context/3.1.0.RELEASE/spring-context-3.1.0.RELEASE.jar:/Users/gaaschk/.m2/repository/org/springframework/spring-aop/3.1.0.RELEASE/spring-aop-3.1.0.RELEASE.jar:/Users/gaaschk/.m2/repository/org/springframework/spring-beans/3.1.0.RELEASE/spring-beans-3.1.0.RELEASE.jar:/Users/gaaschk/.m2/repository/org/springframework/spring-expression/3.1.0.RELEASE/spring-expression-3.1.0.RELEASE.jar:/Users/gaaschk/.m2/repository/org/springframework/spring-web/3.1.0.RELEASE/spring-web-3.1.0.RELEASE.jar:/Users/gaaschk/.m2/repository/aopalliance/aopalliance/1.0/aopalliance-1.0.jar:/Users/gaaschk/.m2/repository/org/springframework/spring-webmvc/3.1.0.RELEASE/spring-webmvc-3.1.0.RELEASE.jar:/Users/gaaschk/.m2/repository/org/springframework/spring-context-support/3.1.0.RELEASE/spring-context-support-3.1.0.RELEASE.jar:/Users/gaaschk/.m2/repository/org/springframework/spring-orm/3.1.0.RELEASE/spring-orm-3.1.0.RELEASE.jar:/Users/gaaschk/.m2/repository/org/springframework/spring-jdbc/3.1.0.RELEASE/spring-jdbc-3.1.0.RELEASE.jar:/Users/gaaschk/.m2/repository/org/springframework/spring-tx/3.1.0.RELEASE/spring-tx-3.1.0.RELEASE.jar:/Users/gaaschk/.m2/repository/org/springframework/spring-test/3.1.0.RELEASE/spring-test-3.1.0.RELEASE.jar:/Users/gaaschk/.m2/repository/javax/servlet/servlet-api/2.5/servlet-api-2.5.jar:/Users/gaaschk/.m2/repository/javax/servlet/jsp/jsp-api/2.1/jsp-api-2.1.jar:/Users/gaaschk/.m2/repository/javax/servlet/jstl/1.2/jstl-1.2.jar:/Users/gaaschk/.m2/repository/org/apache/tiles/tiles-extras/2.2.2/tiles-extras-2.2.2.jar:/Users/gaaschk/.m2/repository/org/apache/tiles/tiles-core/2.2.2/tiles-core-2.2.2.jar:/Users/gaaschk/.m2/repository/org/apache/tiles/tiles-api/2.2.2/tiles-api-2.2.2.jar:/Users/gaaschk/.m2/repository/commons-digester/commons-digester/2.0/commons-digester-2.0.jar:/Users/gaaschk/.m2/repository/commons-beanutils/commons-beanutils/1.8.0/commons-beanutils-1.8.0.jar:/Users/gaaschk/.m2/repository/org/apache/tiles/tiles-servlet-wildcard/2.2.2/tiles-servlet-wildcard-2.2.2.jar:/Users/gaaschk/.m2/repository/org/apache/tiles/tiles-servlet/2.2.2/tiles-servlet-2.2.2.jar:/Users/gaaschk/.m2/repository/org/apache/tiles/tiles-jsp/2.2.2/tiles-jsp-2.2.2.jar:/Users/gaaschk/.m2/repository/org/apache/tiles/tiles-template/2.2.2/tiles-template-2.2.2.jar:/Users/gaaschk/.m2/repository/org/apache/tiles/tiles-freemarker/2.2.2/tiles-freemarker-2.2.2.jar:/Users/gaaschk/.m2/repository/org/freemarker/freemarker/2.3.15/freemarker-2.3.15.jar:/Users/gaaschk/.m2/repository/org/apache/tiles/tiles-velocity/2.2.2/tiles-velocity-2.2.2.jar:/Users/gaaschk/.m2/repository/org/apache/velocity/velocity-tools/2.0/velocity-tools-2.0.jar:/Users/gaaschk/.m2/repository/oro/oro/2.0.8/oro-2.0.8.jar:/Users/gaaschk/.m2/repository/org/apache/velocity/velocity/1.6.2/velocity-1.6.2.jar:/Users/gaaschk/.m2/repository/org/apache/tiles/tiles-el/2.2.2/tiles-el-2.2.2.jar:/Users/gaaschk/.m2/repository/org/apache/tiles/tiles-mvel/2.2.2/tiles-mvel-2.2.2.jar:/Users/gaaschk/.m2/repository/org/mvel/mvel2/2.0.11/mvel2-2.0.11.jar:/Users/gaaschk/.m2/repository/org/apache/tiles/tiles-ognl/2.2.2/tiles-ognl-2.2.2.jar:/Users/gaaschk/.m2/repository/ognl/ognl/2.7.3/ognl-2.7.3.jar:/Users/gaaschk/.m2/repository/jboss/javassist/3.7.ga/javassist-3.7.ga.jar:/Users/gaaschk/.m2/repository/org/apache/tiles/tiles-compat/2.2.2/tiles-compat-2.2.2.jar:/Users/gaaschk/.m2/repository/org/slf4j/jcl-over-slf4j/1.5.8/jcl-over-slf4j-1.5.8.jar:/Users/gaaschk/.m2/repository/org/springframework/data/spring-data-jpa/1.0.1.RELEASE/spring-data-jpa-1.0.1.RELEASE.jar:/Users/gaaschk/.m2/repository/org/springframework/data/spring-data-commons-core/1.1.0.RELEASE/spring-data-commons-core-1.1.0.RELEASE.jar:/Users/gaaschk/.m2/repository/org/slf4j/slf4j-api/1.6.1/slf4j-api-1.6.1.jar:/Users/gaaschk/.m2/repository/org/aspectj/aspectjrt/1.6.8/aspectjrt-1.6.8.jar:/Users/gaaschk/.m2/repository/org/hibernate/hibernate-core/3.6.7.Final/hibernate-core-3.6.7.Final.jar:/Users/gaaschk/.m2/repository/antlr/antlr/2.7.6/antlr-2.7.6.jar:/Users/gaaschk/.m2/repository/commons-collections/commons-collections/3.1/commons-collections-3.1.jar:/Users/gaaschk/.m2/repository/dom4j/dom4j/1.6.1/dom4j-1.6.1.jar:/Users/gaaschk/.m2/repository/org/hibernate/hibernate-commons-annotations/3.2.0.Final/hibernate-commons-annotations-3.2.0.Final.jar:/Users/gaaschk/.m2/repository/org/hibernate/javax/persistence/hibernate-jpa-2.0-api/1.0.1.Final/hibernate-jpa-2.0-api-1.0.1.Final.jar:/Users/gaaschk/.m2/repository/javax/transaction/jta/1.1/jta-1.1.jar:/Users/gaaschk/.m2/repository/org/hibernate/hibernate-entitymanager/3.6.7.Final/hibernate-entitymanager-3.6.7.Final.jar:/Users/gaaschk/.m2/repository/cglib/cglib/2.2/cglib-2.2.jar:/Users/gaaschk/.m2/repository/asm/asm/3.1/asm-3.1.jar:/Users/gaaschk/.m2/repository/javassist/javassist/3.12.0.GA/javassist-3.12.0.GA.jar:/Users/gaaschk/.m2/repository/org/javassist/javassist/3.15.0-GA/javassist-3.15.0-GA.jar:/Users/gaaschk/.m2/repository/commons-dbcp/commons-dbcp/1.4/commons-dbcp-1.4.jar:/Users/gaaschk/.m2/repository/commons-pool/commons-pool/1.5.4/commons-pool-1.5.4.jar:/Users/gaaschk/.m2/repository/joda-time/joda-time/2.0/joda-time-2.0.jar:/Users/gaaschk/.m2/repository/mysql/mysql-connector-java/5.1.18/mysql-connector-java-5.1.18.jar:/Users/gaaschk/.m2/repository/org/dbmaintain/dbmaintain-maven-plugin/2.4/dbmaintain-maven-plugin-2.4.jar:/Users/gaaschk/.m2/repository/org/dbmaintain/dbmaintain/2.4/dbmaintain-2.4.jar:/Users/gaaschk/.m2/repository/ant/ant/1.6.5/ant-1.6.5.jar:/Users/gaaschk/.m2/repository/commons-lang/commons-lang/2.4/commons-lang-2.4.jar:/Users/gaaschk/.m2/repository/org/apache/maven/maven-plugin-api/2.2.1/maven-plugin-api-2.2.1.jar:/Users/gaaschk/.m2/repository/org/apache/maven/maven-model/2.2.1/maven-model-2.2.1.jar:/Users/gaaschk/.m2/repository/org/apache/maven/maven-project/2.2.1/maven-project-2.2.1.jar:/Users/gaaschk/.m2/repository/org/apache/maven/maven-settings/2.2.1/maven-settings-2.2.1.jar:/Users/gaaschk/.m2/repository/org/apache/maven/maven-profile/2.2.1/maven-profile-2.2.1.jar:/Users/gaaschk/.m2/repository/org/apache/maven/maven-artifact-manager/2.2.1/maven-artifact-manager-2.2.1.jar:/Users/gaaschk/.m2/repository/org/apache/maven/maven-repository-metadata/2.2.1/maven-repository-metadata-2.2.1.jar:/Users/gaaschk/.m2/repository/org/apache/maven/wagon/wagon-provider-api/1.0-beta-6/wagon-provider-api-1.0-beta-6.jar:/Users/gaaschk/.m2/repository/backport-util-concurrent/backport-util-concurrent/3.1/backport-util-concurrent-3.1.jar:/Users/gaaschk/.m2/repository/org/apache/maven/maven-plugin-registry/2.2.1/maven-plugin-registry-2.2.1.jar:/Users/gaaschk/.m2/repository/org/codehaus/plexus/plexus-interpolation/1.11/plexus-interpolation-1.11.jar:/Users/gaaschk/.m2/repository/org/apache/maven/maven-artifact/2.2.1/maven-artifact-2.2.1.jar:/Users/gaaschk/.m2/repository/org/codehaus/plexus/plexus-container-default/1.0-alpha-9-stable-1/plexus-container-default-1.0-alpha-9-stable-1.jar:/Users/gaaschk/.m2/repository/classworlds/classworlds/1.1-alpha-2/classworlds-1.1-alpha-2.jar:/Users/gaaschk/.m2/repository/org/codehaus/plexus/plexus-utils/1.5.15/plexus-utils-1.5.15.jar:"/>
    <property name="java.vm.specification.version" value="1.0"/>
    <property name="sun.arch.data.model" value="64"/>
    <property name="java.home" value="/System/Library/Java/JavaVirtualMachines/1.6.0.jdk/Contents/Home"/>
    <property name="sun.java.command" value="/Users/gaaschk/ProjectHome/phoenixws/phoenixweb/target/surefire/surefirebooter1058260387747496546.jar /Users/gaaschk/ProjectHome/phoenixws/phoenixweb/target/surefire/surefire877894182133238492tmp /Users/gaaschk/ProjectHome/phoenixws/phoenixweb/target/surefire/surefire3230658714881239774tmp"/>
    <property name="java.specification.vendor" value="Sun Microsystems Inc."/>
    <property name="user.language" value="en"/>
    <property name="awt.toolkit" value="apple.awt.CToolkit"/>
    <property name="java.vm.info" value="mixed mode"/>
    <property name="java.version" value="1.6.0_29"/>
    <property name="java.ext.dirs" value="/Library/Java/Extensions:/System/Library/Java/Extensions:/System/Library/Java/JavaVirtualMachines/1.6.0.jdk/Contents/Home/lib/ext"/>
    <property name="sun.boot.class.path" value="/System/Library/Java/JavaVirtualMachines/1.6.0.jdk/Contents/Classes/jsfd.jar:/System/Library/Java/JavaVirtualMachines/1.6.0.jdk/Contents/Classes/classes.jar:/System/Library/Frameworks/JavaVM.framework/Frameworks/JavaRuntimeSupport.framework/Resources/Java/JavaRuntimeSupport.jar:/System/Library/Java/JavaVirtualMachines/1.6.0.jdk/Contents/Classes/ui.jar:/System/Library/Java/JavaVirtualMachines/1.6.0.jdk/Contents/Classes/laf.jar:/System/Library/Java/JavaVirtualMachines/1.6.0.jdk/Contents/Classes/sunrsasign.jar:/System/Library/Java/JavaVirtualMachines/1.6.0.jdk/Contents/Classes/jsse.jar:/System/Library/Java/JavaVirtualMachines/1.6.0.jdk/Contents/Classes/jce.jar:/System/Library/Java/JavaVirtualMachines/1.6.0.jdk/Contents/Classes/charsets.jar"/>
    <property name="java.vendor" value="Apple Inc."/>
    <property name="localRepository" value="/Users/gaaschk/.m2/repository"/>
    <property name="file.separator" value="/"/>
    <property name="java.vendor.url.bug" value="http://bugreport.apple.com/"/>
    <property name="sun.cpu.endian" value="little"/>
    <property name="sun.io.unicode.encoding" value="UnicodeLittle"/>
    <property name="mrj.version" value="1070.1.6.0_29-402"/>
    <property name="socksNonProxyHosts" value="local|*.local|169.254/16|*.169.254/16"/>
    <property name="ftp.nonProxyHosts" value="local|*.local|169.254/16|*.169.254/16"/>
    <property name="sun.cpu.isalist" value=""/>
  </properties>
  <testcase time="0.466" classname="org.gsoft.phoenix.service.TestLoanEntryServiceIT" name="testAddLoan"/>
</testsuite>